<?xml version="1.0" encoding="UTF-8"?>
<!-- Generated by org.testng.reporters.JUnitReportReporter -->
<testsuite hostname="Abhimanyu" failures="0" tests="7" name="cucumberOptions.TestNGRunnerNew" time="0.128" errors="0" timestamp="2025-03-23T02:14:16 IST" skipped="0">
  <testcase classname="cucumberOptions.TestNGRunnerNew" name="runScenario" time="0.009"/>
  <testcase classname="cucumberOptions.TestNGRunnerNew" name="runScenario" time="0.016"/>
  <testcase classname="cucumberOptions.TestNGRunnerNew" name="runScenario" time="0.017"/>
  <testcase classname="cucumberOptions.TestNGRunnerNew" name="runScenario" time="0.011"/>
  <testcase classname="cucumberOptions.TestNGRunnerNew" name="runScenario" time="0.011"/>
  <testcase classname="cucumberOptions.TestNGRunnerNew" name="runScenario" time="0.058"/>
  <testcase classname="cucumberOptions.TestNGRunnerNew" name="runScenario" time="0.006"/>
</testsuite> <!-- cucumberOptions.TestNGRunnerNew -->
